<?xml version="1.0" encoding="UTF-8"?>
<testng-results ignored="0" total="1" passed="1" failed="0" skipped="0">
  <reporter-output>
  </reporter-output>
  <suite started-at="2020-06-18T08:00:48Z" name="Surefire suite" finished-at="2020-06-18T08:00:48Z" duration-ms="14">
    <groups>
    </groups>
    <test started-at="2020-06-18T08:00:48Z" name="Surefire test" finished-at="2020-06-18T08:00:48Z" duration-ms="14">
      <class name="Appium_First_12_22.Appium_First_12_22.AppTest">
        <test-method signature="testApp()[pri:0, instance:testApp(Appium_First_12_22.Appium_First_12_22.AppTest)]" started-at="2020-06-18T08:00:48Z" name="testApp" finished-at="2020-06-18T08:00:48Z" duration-ms="1" status="PASS">
          <reporter-output>
          </reporter-output>
        </test-method> <!-- testApp -->
      </class> <!-- Appium_First_12_22.Appium_First_12_22.AppTest -->
    </test> <!-- Surefire test -->
  </suite> <!-- Surefire suite -->
</testng-results>
