<?xml version="1.0" encoding="UTF-8"?>
<testng-results ignored="0" total="1" passed="1" failed="0" skipped="0">
  <reporter-output>
  </reporter-output>
  <suite started-at="2020-06-18T08:00:47Z" name="Surefire suite" finished-at="2020-06-18T08:00:47Z" duration-ms="59">
    <groups>
    </groups>
    <test started-at="2020-06-18T08:00:47Z" name="Surefire test" finished-at="2020-06-18T08:00:47Z" duration-ms="59">
      <class name="NewTest">
        <test-method is-config="true" signature="beforeTest()[pri:0, instance:NewTest@5ccddd20]" started-at="2020-06-18T08:00:47Z" name="beforeTest" finished-at="2020-06-18T08:00:47Z" duration-ms="28" status="PASS">
          <reporter-output>
          </reporter-output>
        </test-method> <!-- beforeTest -->
        <test-method is-config="true" signature="beforeClass()[pri:0, instance:NewTest@5ccddd20]" started-at="2020-06-18T08:00:47Z" name="beforeClass" finished-at="2020-06-18T08:00:47Z" duration-ms="0" status="PASS">
          <reporter-output>
          </reporter-output>
        </test-method> <!-- beforeClass -->
        <test-method signature="f()[pri:0, instance:NewTest@5ccddd20]" started-at="2020-06-18T08:00:47Z" name="f" finished-at="2020-06-18T08:00:47Z" duration-ms="2" status="PASS">
          <reporter-output>
          </reporter-output>
        </test-method> <!-- f -->
        <test-method is-config="true" signature="beforeMethod()[pri:0, instance:NewTest@5ccddd20]" started-at="2020-06-18T08:00:47Z" name="beforeMethod" finished-at="2020-06-18T08:00:47Z" duration-ms="0" status="PASS">
          <reporter-output>
          </reporter-output>
        </test-method> <!-- beforeMethod -->
        <test-method is-config="true" signature="afterMethod()[pri:0, instance:NewTest@5ccddd20]" started-at="2020-06-18T08:00:47Z" name="afterMethod" finished-at="2020-06-18T08:00:47Z" duration-ms="0" status="PASS">
          <reporter-output>
          </reporter-output>
        </test-method> <!-- afterMethod -->
        <test-method is-config="true" signature="afterClass()[pri:0, instance:NewTest@5ccddd20]" started-at="2020-06-18T08:00:47Z" name="afterClass" finished-at="2020-06-18T08:00:47Z" duration-ms="0" status="PASS">
          <reporter-output>
          </reporter-output>
        </test-method> <!-- afterClass -->
        <test-method is-config="true" signature="afterTest()[pri:0, instance:NewTest@5ccddd20]" started-at="2020-06-18T08:00:47Z" name="afterTest" finished-at="2020-06-18T08:00:47Z" duration-ms="0" status="PASS">
          <reporter-output>
          </reporter-output>
        </test-method> <!-- afterTest -->
      </class> <!-- NewTest -->
    </test> <!-- Surefire test -->
  </suite> <!-- Surefire suite -->
</testng-results>
