<?xml version="1.0" encoding="UTF-8"?>
<testsuite xmlns:xsi="http://www.w3.org/2001/XMLSchema-instance" xsi:schemaLocation="https://maven.apache.org/surefire/maven-surefire-plugin/xsd/surefire-test-report.xsd" name="TestSuite" time="1.625" tests="2" errors="0" skipped="0" failures="0">
  <properties>
[...]
</properties>
  <testcase name="f" classname="NewTest" time="0.002"/>
  <testcase name="testApp on testApp(Appium_First_12_22.Appium_First_12_22.AppTest)" classname="Appium_First_12_22.Appium_First_12_22.AppTest" time="0.451"/>
</testsuite>